{"level":"fatal","time":"2023-11-25 02:34:09","file":"db/connect.go:27","msg":"ping to the database failed failed to connect to `host=localhost user=qi_yang database=qi_yang`: dial error (dial tcp 127.0.0.1:5430: connectex: No connection could be made because the target machine actively refused it.)","name":"system","level":"debug"}
{"level":"debug","time":"2023-11-25 04:26:15","file":"cron/log.go:16","msg":"{msg 15 0 start <nil>} {data 23 0  []}","name":"system","level":"debug"}
{"level":"debug","time":"2023-11-25 04:32:53","file":"cron/log.go:16","msg":"{msg 15 0 start <nil>} {data 23 0  []}","name":"system","level":"debug"}
{"level":"debug","time":"2023-11-25 04:33:20","file":"cron/log.go:16","msg":"{msg 15 0 start <nil>} {data 23 0  []}","name":"system","level":"debug"}
{"level":"debug","time":"2023-11-25 04:34:54","file":"cron/log.go:16","msg":"{msg 15 0 start <nil>} {data 23 0  []}","name":"system","level":"debug"}
{"level":"debug","time":"2023-11-25 04:34:58","file":"cron/log.go:16","msg":"{msg 15 0 start <nil>} {data 23 0  []}","name":"system","level":"debug"}
{"level":"debug","time":"2023-11-25 04:36:39","file":"cron/log.go:16","msg":"{msg 15 0 start <nil>} {data 23 0  []}","name":"system","level":"debug"}
{"level":"fatal","time":"2023-11-25 04:37:05","file":"inject/inject.go:134","msg":"route handle fun error, method params bind, error method: %v&{<nil> }","name":"system","level":"debug"}
{"level":"debug","time":"2023-11-25 04:37:28","file":"cron/log.go:16","msg":"{msg 15 0 start <nil>} {data 23 0  []}","name":"system","level":"debug"}
{"level":"error","time":"2023-11-25 04:37:30","file":"inject/inject.go:134","msg":"route handle fun error, method params bind, error method: %v &{<nil> }","name":"system","level":"debug"}
{"level":"error","time":"2023-11-25 04:37:36","file":"inject/inject.go:134","msg":"route handle fun error, method params bind, error method: %v &{<nil> }","name":"system","level":"debug"}
{"level":"error","time":"2023-11-25 04:37:56","file":"inject/inject.go:134","msg":"route handle fun error, method params bind, error method: %v &{<nil> }","name":"system","level":"debug"}
{"level":"debug","time":"2023-11-25 04:40:34","file":"cron/log.go:16","msg":"{msg 15 0 start <nil>} {data 23 0  []}","name":"system","level":"debug"}
{"level":"error","time":"2023-11-25 04:40:42","file":"inject/inject.go:133","msg":"route handle fun error, method params bind, error method: %v &{<nil> }","name":"system","level":"debug"}
{"level":"error","time":"2023-11-25 04:40:56","file":"inject/inject.go:133","msg":"route handle fun error, method params bind, error method: %v &{<nil> }","name":"system","level":"debug"}
{"level":"debug","time":"2023-11-25 04:45:03","file":"cron/log.go:16","msg":"{msg 15 0 start <nil>} {data 23 0  []}","name":"system","level":"debug"}
{"level":"error","time":"2023-11-25 04:45:16","file":"inject/inject.go:133","msg":"route handle fun error, method params bind, error method: %v &{<nil> }","name":"system","level":"debug"}
{"level":"debug","time":"2023-11-25 05:16:32","file":"cron/log.go:16","msg":"{msg 15 0 start <nil>} {data 23 0  []}","name":"system","level":"debug"}
{"level":"error","time":"2023-11-25 05:16:39","file":"inject/inject.go:132","msg":"route handle fun error, method params bind, error method: %v &{<nil> {} }","name":"system","level":"debug"}
{"level":"debug","time":"2023-11-25 05:17:14","file":"cron/log.go:16","msg":"{msg 15 0 start <nil>} {data 23 0  []}","name":"system","level":"debug"}
{"level":"debug","time":"2023-11-25 05:17:32","file":"cron/log.go:16","msg":"{msg 15 0 start <nil>} {data 23 0  []}","name":"system","level":"debug"}
{"level":"debug","time":"2023-11-25 05:18:44","file":"cron/log.go:16","msg":"{msg 15 0 start <nil>} {data 23 0  []}","name":"system","level":"debug"}
{"level":"debug","time":"2023-11-25 05:21:51","file":"cron/log.go:16","msg":"{msg 15 0 start <nil>} {data 23 0  []}","name":"system","level":"debug"}
{"level":"error","time":"2023-11-25 05:21:54","file":"inject/inject.go:132","msg":"route handle fun error, method params bind, error method: %v &{<nil> {} }","name":"system","level":"debug"}
{"level":"debug","time":"2023-11-25 05:22:39","file":"cron/log.go:16","msg":"{msg 15 0 start <nil>} {data 23 0  []}","name":"system","level":"debug"}
{"level":"error","time":"2023-11-25 05:22:41","file":"inject/inject.go:132","msg":"route handle fun error, method params bind, error method: %v &{<nil> {} }","name":"system","level":"debug"}
{"level":"debug","time":"2023-11-25 05:26:30","file":"cron/log.go:16","msg":"{msg 15 0 start <nil>} {data 23 0  []}","name":"system","level":"debug"}
{"level":"error","time":"2023-11-25 05:26:35","file":"inject/inject.go:133","msg":"route handle fun error, method params bind, error method: %v &{<nil> {} }","name":"system","level":"debug"}
{"level":"debug","time":"2023-11-25 05:26:48","file":"cron/log.go:16","msg":"{msg 15 0 start <nil>} {data 23 0  []}","name":"system","level":"debug"}
{"level":"error","time":"2023-11-25 05:26:50","file":"inject/inject.go:133","msg":"route handle fun error, method params bind, error method: %v &{<nil> {} }","name":"system","level":"debug"}
{"level":"debug","time":"2023-11-25 05:27:16","file":"cron/log.go:16","msg":"{msg 15 0 start <nil>} {data 23 0  []}","name":"system","level":"debug"}
{"level":"error","time":"2023-11-25 05:27:17","file":"inject/inject.go:133","msg":"route handle fun error, method params bind, error method: %v &{<nil> {} }","name":"system","level":"debug"}
{"level":"debug","time":"2023-11-25 05:28:04","file":"cron/log.go:16","msg":"{msg 15 0 start <nil>} {data 23 0  []}","name":"system","level":"debug"}
{"level":"error","time":"2023-11-25 05:28:05","file":"inject/inject.go:133","msg":"route handle fun error, method params bind, error method: %v &{<nil> {} }","name":"system","level":"debug"}
{"level":"debug","time":"2023-11-25 05:28:52","file":"cron/log.go:16","msg":"{msg 15 0 start <nil>} {data 23 0  []}","name":"system","level":"debug"}
{"level":"error","time":"2023-11-25 05:28:57","file":"inject/inject.go:133","msg":"route handle fun error, method params bind, error method: %v &{<nil> {} }","name":"system","level":"debug"}
{"level":"error","time":"2023-11-25 05:30:38","file":"inject/inject.go:133","msg":"route handle fun error, method params bind, error method: %v &{<nil> {} }","name":"system","level":"debug"}
{"level":"error","time":"2023-11-25 05:31:17","file":"inject/inject.go:133","msg":"route handle fun error, method params bind, error method: %v &{<nil> {} }","name":"system","level":"debug"}
{"level":"debug","time":"2023-11-25 05:31:59","file":"cron/log.go:16","msg":"{msg 15 0 start <nil>} {data 23 0  []}","name":"system","level":"debug"}
{"level":"error","time":"2023-11-25 05:32:01","file":"inject/inject.go:133","msg":"route handle fun error, method params bind, error method: %v &{<nil> {} }","name":"system","level":"debug"}
{"level":"error","time":"2023-11-25 05:33:22","file":"inject/inject.go:133","msg":"route handle fun error, method params bind, error method: %v &{<nil> {} }","name":"system","level":"debug"}
{"level":"error","time":"2023-11-25 05:34:31","file":"inject/inject.go:133","msg":"route handle fun error, method params bind, error method: %v &{<nil> {} }","name":"system","level":"debug"}
{"level":"debug","time":"2023-11-25 05:36:54","file":"cron/log.go:16","msg":"{msg 15 0 start <nil>} {data 23 0  []}","name":"system","level":"debug"}
{"level":"debug","time":"2023-11-25 05:36:59","file":"cron/log.go:16","msg":"{msg 15 0 start <nil>} {data 23 0  []}","name":"system","level":"debug"}
{"level":"error","time":"2023-11-25 05:37:00","file":"inject/inject.go:133","msg":"route handle fun error, method params bind, error method: %v &{<nil> {} }","name":"system","level":"debug"}
{"level":"error","time":"2023-11-25 05:39:02","file":"inject/inject.go:133","msg":"route handle fun error, method params bind, error method: %v &{<nil> {} }","name":"system","level":"debug"}
{"level":"debug","time":"2023-11-25 05:40:01","file":"cron/log.go:16","msg":"{msg 15 0 start <nil>} {data 23 0  []}","name":"system","level":"debug"}
{"level":"error","time":"2023-11-25 05:40:03","file":"inject/inject.go:131","msg":"route handle fun error, method params bind, error method: %v &{<nil> {} }","name":"system","level":"debug"}
{"level":"error","time":"2023-11-25 05:41:47","file":"inject/inject.go:131","msg":"route handle fun error, method params bind, error method: %v &{<nil> {} }","name":"system","level":"debug"}
{"level":"debug","time":"2023-11-25 05:45:46","file":"cron/log.go:16","msg":"{msg 15 0 start <nil>} {data 23 0  []}","name":"system","level":"debug"}
{"level":"error","time":"2023-11-25 05:45:53","file":"inject/inject.go:132","msg":"route handle fun error, method params bind, error method: %v &{<nil> {} }","name":"system","level":"debug"}
{"level":"debug","time":"2023-11-25 05:48:51","file":"cron/log.go:16","msg":"{msg 15 0 start <nil>} {data 23 0  []}","name":"system","level":"debug"}
{"level":"error","time":"2023-11-25 05:48:54","file":"inject/inject.go:132","msg":"route handle fun error, method params bind, error method: %v &{<nil> {} }","name":"system","level":"debug"}
{"level":"error","time":"2023-11-25 05:48:54","file":"middleware/recovery.go:18","msg":"url: %s, err: %v /api/authorize/password/authorizing {error 26 0  assignment to entry in nil map}","name":"system","level":"debug"}
{"level":"debug","time":"2023-11-25 05:50:01","file":"cron/log.go:16","msg":"{msg 15 0 start <nil>} {data 23 0  []}","name":"system","level":"debug"}
{"level":"error","time":"2023-11-25 05:50:02","file":"inject/inject.go:132","msg":"route handle fun error, method params bind, error method: %v &{<nil> {} }","name":"system","level":"debug"}
{"level":"debug","time":"2023-11-25 05:50:49","file":"cron/log.go:16","msg":"{msg 15 0 start <nil>} {data 23 0  []}","name":"system","level":"debug"}
{"level":"error","time":"2023-11-25 05:50:51","file":"inject/inject.go:132","msg":"route handle fun error, method params bind, error method: %v &{<nil> {} }","name":"system","level":"debug"}
{"level":"debug","time":"2023-11-25 05:51:41","file":"cron/log.go:16","msg":"{msg 15 0 start <nil>} {data 23 0  []}","name":"system","level":"debug"}
{"level":"error","time":"2023-11-25 05:51:44","file":"inject/inject.go:132","msg":"route handle fun error, method params bind, error method: %v &{<nil> {} }","name":"system","level":"debug"}
{"level":"debug","time":"2023-11-25 05:52:13","file":"cron/log.go:16","msg":"{msg 15 0 start <nil>} {data 23 0  []}","name":"system","level":"debug"}
