{"level":"panic","time":"2024-02-06 17:15:21","msg":"json: cannot unmarshal string into Go value of type db.ConfigConnsMany","time":"2024-02-06 17:15:21","level":"debug"}
{"level":"panic","time":"2024-02-06 17:17:07","msg":"json: cannot unmarshal string into Go value of type db.ConfigConnsMany","time":"2024-02-06 17:17:07","level":"debug"}
{"level":"fatal","time":"2024-02-06 18:01:32","msg":"connecting to the database failed sql: unknown driver \"pgx\" (forgotten import?)","time":"2024-02-06 18:01:32","level":"debug"}
{"level":"fatal","time":"2024-02-06 18:01:46","msg":"connecting to the database failed sql: unknown driver \"pgx\" (forgotten import?)","time":"2024-02-06 18:01:46","level":"debug"}
{"level":"fatal","time":"2024-02-06 21:49:43","msg":"connecting to the database failed sql: unknown driver \"pgx\" (forgotten import?)","time":"2024-02-06 21:49:43","level":"debug"}
{"level":"info","time":"2024-02-06 21:51:40","msg":"Shutdown Server ...","time":"2024-02-06 21:51:40","level":"debug"}
{"level":"info","time":"2024-02-06 21:51:40","msg":"Server exiting","time":"2024-02-06 21:51:40","level":"debug"}
{"level":"info","time":"2024-02-06 22:43:41","msg":"Shutdown Server ...","time":"2024-02-06 22:43:41","level":"debug"}
{"level":"info","time":"2024-02-06 22:43:41","msg":"Server exiting","time":"2024-02-06 22:43:41","level":"debug"}
{"level":"fatal","time":"2024-02-06 22:43:53","msg":"connecting to the database failed sql: unknown driver \"pgx\" (forgotten import?)","time":"2024-02-06 22:43:53","level":"debug"}
{"level":"fatal","time":"2024-02-06 22:59:17","msg":"connecting to the database failed sql: unknown driver \"pgx\" (forgotten import?)","time":"2024-02-06 22:59:17","level":"debug"}
{"level":"fatal","time":"2024-02-06 23:00:21","msg":"connecting to the database failed sql: unknown driver \"pgx\" (forgotten import?)","time":"2024-02-06 23:00:21","level":"debug"}
{"level":"fatal","time":"2024-02-06 23:18:52","msg":"ping to the database failed failed to connect to `host=localhost user=qi_yang database=qi_yang`: dial error (dial tcp 127.0.0.1:5432: connectex: No connection could be made because the target machine actively refused it.)","time":"2024-02-06 23:18:52","level":"debug"}
{"level":"info","time":"2024-02-06 23:19:39","msg":"Shutdown Server ...","time":"2024-02-06 23:19:39","level":"debug"}
{"level":"info","time":"2024-02-06 23:19:39","msg":"Server exiting","time":"2024-02-06 23:19:39","level":"debug"}
{"level":"info","time":"2024-02-06 23:21:17","file":"app/app.go:102","msg":"Shutdown Server ...","time":"2024-02-06 23:21:17","level":"debug"}
{"level":"info","time":"2024-02-06 23:21:17","file":"app/app.go:109","msg":"Server exiting","time":"2024-02-06 23:21:17","level":"debug"}
{"level":"info","time":"2024-02-06 23:21:34","file":"app/app.go:102","msg":"Shutdown Server ...","time":"2024-02-06 23:21:34","level":"debug"}
{"level":"info","time":"2024-02-06 23:21:34","file":"app/app.go:109","msg":"Server exiting","time":"2024-02-06 23:21:34","level":"debug"}
{"level":"info","time":"2024-02-06 23:22:06","file":"app/app.go:102","msg":"Shutdown Server ...","time":"2024-02-06 23:22:06","level":"debug"}
{"level":"info","time":"2024-02-06 23:22:06","file":"app/app.go:109","msg":"Server exiting","time":"2024-02-06 23:22:06","level":"debug"}
{"level":"info","time":"2024-02-06 23:22:14","file":"app/app.go:102","msg":"Shutdown Server ...","time":"2024-02-06 23:22:14","level":"debug"}
{"level":"info","time":"2024-02-06 23:22:14","file":"app/app.go:109","msg":"Server exiting","time":"2024-02-06 23:22:14","level":"debug"}
{"level":"info","time":"2024-02-06 23:22:39","file":"app/app.go:102","msg":"Shutdown Server ...","time":"2024-02-06 23:22:39","level":"debug"}
{"level":"info","time":"2024-02-06 23:22:39","file":"app/app.go:109","msg":"Server exiting","time":"2024-02-06 23:22:39","level":"debug"}
{"level":"fatal","time":"2024-02-12 04:44:52","file":"db/connect.go:65","msg":"ping to the database failed failed to connect to `host=localhost user=qi_yang database=qi_yang`: dial error (dial tcp 127.0.0.1:5430: connectex: No connection could be made because the target machine actively refused it.)","time":"2024-02-12 04:44:52","level":"debug"}
{"level":"info","time":"2024-02-12 05:01:16","file":"app/app.go:102","msg":"Shutdown Server ...","time":"2024-02-12 05:01:16","level":"debug"}
{"level":"info","time":"2024-02-12 05:01:16","file":"app/app.go:109","msg":"Server exiting","time":"2024-02-12 05:01:16","level":"debug"}
{"level":"fatal","time":"2024-02-20 11:02:14","msg":"ping to the database failed failed to connect to `host=localhost user=qi_yang database=qi_yang`: failed SASL auth (\ufffd\ufffd\ufffd\ufffd\ufffd\ufffd\ufffd\ufffd: \ufffdû\ufffd \"qi_yang\" Password \ufffd\ufffd֤ʧ\ufffd\ufffd (SQLSTATE 28P01))","time":"2024-02-20 11:02:14","level":"debug"}
{"level":"fatal","time":"2024-02-20 11:07:58","msg":"ping to the database failed failed to connect to `host=localhost user=qi_yang database=qi_yang`: failed SASL auth (\ufffd\ufffd\ufffd\ufffd\ufffd\ufffd\ufffd\ufffd: \ufffdû\ufffd \"qi_yang\" Password \ufffd\ufffd֤ʧ\ufffd\ufffd (SQLSTATE 28P01))","time":"2024-02-20 11:07:58","level":"debug"}
{"level":"fatal","time":"2024-02-20 11:08:20","file":"db/connect.go:65","msg":"ping to the database failed failed to connect to `host=localhost user=qi_yang database=qi_yang`: failed SASL auth (\ufffd\ufffd\ufffd\ufffd\ufffd\ufffd\ufffd\ufffd: \ufffdû\ufffd \"qi_yang\" Password \ufffd\ufffd֤ʧ\ufffd\ufffd (SQLSTATE 28P01))","time":"2024-02-20 11:08:20","level":"debug"}
{"level":"fatal","time":"2024-02-20 11:09:57","file":"db/connect.go:65","msg":"ping to the database failed failed to connect to `host=localhost user=qi_yang database=qi_yang`: failed SASL auth (\ufffd\ufffd\ufffd\ufffd\ufffd\ufffd\ufffd\ufffd: \ufffdû\ufffd \"qi_yang\" Password \ufffd\ufffd֤ʧ\ufffd\ufffd (SQLSTATE 28P01))","time":"2024-02-20 11:09:57","level":"debug"}
{"level":"info","time":"2024-02-20 11:13:54","file":"framework/app.go:101","msg":"Shutdown Server ...","time":"2024-02-20 11:13:54","level":"debug"}
{"level":"info","time":"2024-02-20 11:13:54","file":"framework/app.go:108","msg":"Server exiting","time":"2024-02-20 11:13:54","level":"debug"}
{"level":"info","time":"2024-02-20 11:14:07","file":"framework/app.go:83","msg":"Server staring addr 127.0.0.1:3000","time":"2024-02-20 11:14:07","level":"debug"}
{"level":"info","time":"2024-02-20 11:21:12","file":"framework/app.go:105","msg":"Shutdown Server ...","time":"2024-02-20 11:14:07","level":"debug"}
{"level":"info","time":"2024-02-20 11:21:12","file":"framework/app.go:112","msg":"Server exiting","time":"2024-02-20 11:14:07","level":"debug"}
{"level":"info","time":"2024-02-20 11:22:00","file":"framework/app.go:83","msg":"Server addr 127.0.0.1:3000","time":"2024-02-20 11:22:00","level":"debug"}
{"level":"info","time":"2024-02-20 14:21:23","file":"framework/app.go:105","msg":"Shutdown Server ...","time":"2024-02-20 11:22:00","level":"debug"}
{"level":"info","time":"2024-02-20 14:21:23","file":"framework/app.go:112","msg":"Server exiting","time":"2024-02-20 11:22:00","level":"debug"}
{"level":"info","time":"2024-02-20 14:34:57","file":"framework/app.go:83","msg":"Server addr 127.0.0.1:3000","time":"2024-02-20 14:34:57","level":"debug"}
{"level":"info","time":"2024-02-20 18:20:37","file":"framework/app.go:105","msg":"Shutdown Server ...","time":"2024-02-20 14:34:57","level":"debug"}
{"level":"info","time":"2024-02-20 18:20:37","file":"framework/app.go:112","msg":"Server exiting","time":"2024-02-20 14:34:57","level":"debug"}
{"level":"info","time":"2024-02-20 18:26:01","file":"framework/app.go:75","msg":"Server addr 127.0.0.1:3000","time":"2024-02-20 18:26:01","level":"debug"}
{"level":"info","time":"2024-02-20 18:26:01","file":"framework/app.go:97","msg":"Shutdown Server ...","time":"2024-02-20 18:26:01","level":"debug"}
{"level":"info","time":"2024-02-20 18:26:01","file":"framework/app.go:104","msg":"Server exiting","time":"2024-02-20 18:26:01","level":"debug"}
{"level":"info","time":"2024-02-20 18:40:55","file":"framework/app.go:75","msg":"Server addr 127.0.0.1:3000","time":"2024-02-20 18:40:55","level":"debug"}
{"level":"info","time":"2024-02-20 18:40:55","file":"framework/app.go:97","msg":"Shutdown Server ...","time":"2024-02-20 18:40:55","level":"debug"}
{"level":"info","time":"2024-02-20 18:40:55","file":"framework/app.go:104","msg":"Server exiting","time":"2024-02-20 18:40:55","level":"debug"}
{"level":"info","time":"2024-02-20 18:41:23","file":"framework/app.go:75","msg":"Server addr 127.0.0.1:3000","time":"2024-02-20 18:41:23","level":"debug"}
{"level":"info","time":"2024-02-20 18:42:36","file":"framework/app.go:97","msg":"Shutdown Server ...","time":"2024-02-20 18:41:23","level":"debug"}
{"level":"info","time":"2024-02-20 18:42:36","file":"framework/app.go:104","msg":"Server exiting","time":"2024-02-20 18:41:23","level":"debug"}
{"level":"info","time":"2024-02-20 18:42:53","file":"framework/app.go:75","msg":"Server addr 127.0.0.1:3000","time":"2024-02-20 18:42:53","level":"debug"}
{"level":"info","time":"2024-02-20 18:46:44","file":"framework/app.go:97","msg":"Shutdown Server ...","time":"2024-02-20 18:42:53","level":"debug"}
{"level":"info","time":"2024-02-20 18:46:44","file":"framework/app.go:104","msg":"Server exiting","time":"2024-02-20 18:42:53","level":"debug"}
