{"level":"debug","time":"2024-01-04 00:07:20","file":"cron/log.go:16","msg":"{msg 15 0 start <nil>} {data 23 0  []}","name":"system","level":"debug"}
{"level":"debug","time":"2024-01-04 00:07:20","file":"cron/log.go:16","msg":"{msg 15 0 start <nil>} {data 23 0  []}","name":"system","level":"debug"}
{"level":"debug","time":"2024-01-04 00:07:20","file":"cron/log.go:16","msg":"{msg 15 0 start <nil>} {data 23 0  []}","name":"system","level":"debug"}
{"level":"debug","time":"2024-01-04 00:07:20","file":"cron/log.go:16","msg":"{msg 15 0 start <nil>} {data 23 0  []}","name":"system","level":"debug"}
{"level":"fatal","time":"2024-01-04 00:07:20","file":"system/start.go:32","msg":"development service start failed: %v listen tcp 0.0.0.0:3000: bind: Only one usage of each socket address (protocol/network address/port) is normally permitted.","name":"system","level":"debug"}
{"level":"fatal","time":"2024-01-04 00:07:20","file":"system/start.go:32","msg":"development service start failed: %v listen tcp 0.0.0.0:3000: bind: Only one usage of each socket address (protocol/network address/port) is normally permitted.","name":"system","level":"debug"}
{"level":"fatal","time":"2024-01-04 00:07:20","file":"system/start.go:32","msg":"development service start failed: %v listen tcp 0.0.0.0:3000: bind: Only one usage of each socket address (protocol/network address/port) is normally permitted.","name":"system","level":"debug"}
{"level":"debug","time":"2024-01-04 00:07:21","file":"cron/log.go:16","msg":"{msg 15 0 start <nil>} {data 23 0  []}","name":"system","level":"debug"}
{"level":"fatal","time":"2024-01-04 00:07:21","file":"system/start.go:32","msg":"development service start failed: %v listen tcp 0.0.0.0:3000: bind: Only one usage of each socket address (protocol/network address/port) is normally permitted.","name":"system","level":"debug"}
{"level":"debug","time":"2024-01-04 00:07:21","file":"cron/log.go:16","msg":"{msg 15 0 start <nil>} {data 23 0  []}","name":"system","level":"debug"}
{"level":"fatal","time":"2024-01-04 00:07:21","file":"system/start.go:32","msg":"development service start failed: %v listen tcp 0.0.0.0:3000: bind: Only one usage of each socket address (protocol/network address/port) is normally permitted.","name":"system","level":"debug"}
{"level":"debug","time":"2024-01-04 00:19:44","file":"cron/log.go:16","msg":"{msg 15 0 start <nil>} {data 23 0  []}","name":"system","level":"debug"}
{"level":"debug","time":"2024-01-04 00:23:04","file":"cron/log.go:16","msg":"{msg 15 0 start <nil>} {data 23 0  []}","name":"system","level":"debug"}
{"level":"debug","time":"2024-01-04 00:41:42","file":"cron/log.go:16","msg":"{msg 15 0 start <nil>} {data 23 0  []}","name":"system","level":"debug"}
{"level":"debug","time":"2024-01-04 00:41:42","file":"cron/log.go:16","msg":"{msg 15 0 start <nil>} {data 23 0  []}","name":"system","level":"debug"}
{"level":"fatal","time":"2024-01-04 00:41:42","file":"system/start.go:32","msg":"development service start failed: %v listen tcp 0.0.0.0:3000: bind: Only one usage of each socket address (protocol/network address/port) is normally permitted.","name":"system","level":"debug"}
{"level":"debug","time":"2024-01-04 00:44:58","file":"cron/log.go:16","msg":"{msg 15 0 start <nil>} {data 23 0  []}","name":"system","level":"debug"}
{"level":"debug","time":"2024-01-04 00:44:58","file":"cron/log.go:16","msg":"{msg 15 0 start <nil>} {data 23 0  []}","name":"system","level":"debug"}
{"level":"fatal","time":"2024-01-04 00:44:58","file":"system/start.go:32","msg":"development service start failed: %v listen tcp 0.0.0.0:3000: bind: Only one usage of each socket address (protocol/network address/port) is normally permitted.","name":"system","level":"debug"}
{"level":"debug","time":"2024-01-04 00:46:28","file":"cron/log.go:16","msg":"{msg 15 0 start <nil>} {data 23 0  []}","name":"system","level":"debug"}
{"level":"debug","time":"2024-01-04 00:46:28","file":"cron/log.go:16","msg":"{msg 15 0 schedule <nil>} {data 23 0  [now 2024-01-04T00:46:28+08:00 entry 1 next 2024-01-04T00:46:30+08:00]}","name":"system","level":"debug"}
{"level":"debug","time":"2024-01-04 00:46:30","file":"cron/log.go:16","msg":"{msg 15 0 wake <nil>} {data 23 0  [now 2024-01-04T00:46:30+08:00]}","name":"system","level":"debug"}
{"level":"debug","time":"2024-01-04 00:46:30","file":"cron/log.go:16","msg":"{msg 15 0 run <nil>} {data 23 0  [now 2024-01-04T00:46:30+08:00 entry 1 next 2024-01-04T00:46:40+08:00]}","name":"system","level":"debug"}
{"level":"debug","time":"2024-01-04 00:46:40","file":"cron/log.go:16","msg":"{msg 15 0 wake <nil>} {data 23 0  [now 2024-01-04T00:46:40+08:00]}","name":"system","level":"debug"}
{"level":"debug","time":"2024-01-04 00:46:40","file":"cron/log.go:16","msg":"{msg 15 0 run <nil>} {data 23 0  [now 2024-01-04T00:46:40+08:00 entry 1 next 2024-01-04T00:46:50+08:00]}","name":"system","level":"debug"}
{"level":"debug","time":"2024-01-04 00:46:50","file":"cron/log.go:16","msg":"{msg 15 0 wake <nil>} {data 23 0  [now 2024-01-04T00:46:50+08:00]}","name":"system","level":"debug"}
{"level":"debug","time":"2024-01-04 00:46:50","file":"cron/log.go:16","msg":"{msg 15 0 run <nil>} {data 23 0  [now 2024-01-04T00:46:50+08:00 entry 1 next 2024-01-04T00:47:00+08:00]}","name":"system","level":"debug"}
{"level":"debug","time":"2024-01-04 00:47:00","file":"cron/log.go:16","msg":"{msg 15 0 wake <nil>} {data 23 0  [now 2024-01-04T00:47:00+08:00]}","name":"system","level":"debug"}
{"level":"debug","time":"2024-01-04 00:47:00","file":"cron/log.go:16","msg":"{msg 15 0 run <nil>} {data 23 0  [now 2024-01-04T00:47:00+08:00 entry 1 next 2024-01-04T00:47:10+08:00]}","name":"system","level":"debug"}
{"level":"debug","time":"2024-01-04 00:47:10","file":"cron/log.go:16","msg":"{msg 15 0 wake <nil>} {data 23 0  [now 2024-01-04T00:47:10+08:00]}","name":"system","level":"debug"}
{"level":"debug","time":"2024-01-04 00:47:10","file":"cron/log.go:16","msg":"{msg 15 0 run <nil>} {data 23 0  [now 2024-01-04T00:47:10+08:00 entry 1 next 2024-01-04T00:47:20+08:00]}","name":"system","level":"debug"}
{"level":"debug","time":"2024-01-04 00:47:20","file":"cron/log.go:16","msg":"{msg 15 0 wake <nil>} {data 23 0  [now 2024-01-04T00:47:20+08:00]}","name":"system","level":"debug"}
{"level":"debug","time":"2024-01-04 00:47:20","file":"cron/log.go:16","msg":"{msg 15 0 run <nil>} {data 23 0  [now 2024-01-04T00:47:20+08:00 entry 1 next 2024-01-04T00:47:30+08:00]}","name":"system","level":"debug"}
{"level":"debug","time":"2024-01-04 00:47:30","file":"cron/log.go:16","msg":"{msg 15 0 wake <nil>} {data 23 0  [now 2024-01-04T00:47:30+08:00]}","name":"system","level":"debug"}
{"level":"debug","time":"2024-01-04 00:47:30","file":"cron/log.go:16","msg":"{msg 15 0 run <nil>} {data 23 0  [now 2024-01-04T00:47:30+08:00 entry 1 next 2024-01-04T00:47:40+08:00]}","name":"system","level":"debug"}
{"level":"debug","time":"2024-01-04 01:28:48","file":"cron/log.go:16","msg":"{msg 15 0 start <nil>} {data 23 0  []}","name":"system","level":"debug"}
{"level":"debug","time":"2024-01-04 01:28:48","file":"cron/log.go:16","msg":"{msg 15 0 schedule <nil>} {data 23 0  [now 2024-01-04T01:28:48+08:00 entry 1 next 2024-01-04T01:28:50+08:00]}","name":"system","level":"debug"}
{"level":"debug","time":"2024-01-04 01:28:49","file":"cron/log.go:16","msg":"{msg 15 0 start <nil>} {data 23 0  []}","name":"system","level":"debug"}
{"level":"debug","time":"2024-01-04 01:28:49","file":"cron/log.go:16","msg":"{msg 15 0 schedule <nil>} {data 23 0  [now 2024-01-04T01:28:49+08:00 entry 1 next 2024-01-04T01:28:50+08:00]}","name":"system","level":"debug"}
{"level":"fatal","time":"2024-01-04 01:28:49","file":"system/start.go:32","msg":"development service start failed: %v listen tcp 0.0.0.0:3000: bind: Only one usage of each socket address (protocol/network address/port) is normally permitted.","name":"system","level":"debug"}
{"level":"debug","time":"2024-01-04 01:28:50","file":"cron/log.go:16","msg":"{msg 15 0 wake <nil>} {data 23 0  [now 2024-01-04T01:28:50+08:00]}","name":"system","level":"debug"}
{"level":"debug","time":"2024-01-04 01:28:50","file":"cron/log.go:16","msg":"{msg 15 0 run <nil>} {data 23 0  [now 2024-01-04T01:28:50+08:00 entry 1 next 2024-01-04T01:29:00+08:00]}","name":"system","level":"debug"}
{"level":"debug","time":"2024-01-04 01:29:00","file":"cron/log.go:16","msg":"{msg 15 0 wake <nil>} {data 23 0  [now 2024-01-04T01:29:00+08:00]}","name":"system","level":"debug"}
{"level":"debug","time":"2024-01-04 01:29:00","file":"cron/log.go:16","msg":"{msg 15 0 run <nil>} {data 23 0  [now 2024-01-04T01:29:00+08:00 entry 1 next 2024-01-04T01:29:10+08:00]}","name":"system","level":"debug"}
{"level":"debug","time":"2024-01-04 01:29:10","file":"cron/log.go:16","msg":"{msg 15 0 wake <nil>} {data 23 0  [now 2024-01-04T01:29:10+08:00]}","name":"system","level":"debug"}
{"level":"debug","time":"2024-01-04 01:29:10","file":"cron/log.go:16","msg":"{msg 15 0 run <nil>} {data 23 0  [now 2024-01-04T01:29:10+08:00 entry 1 next 2024-01-04T01:29:20+08:00]}","name":"system","level":"debug"}
{"level":"debug","time":"2024-01-04 01:29:20","file":"cron/log.go:16","msg":"{msg 15 0 wake <nil>} {data 23 0  [now 2024-01-04T01:29:20+08:00]}","name":"system","level":"debug"}
{"level":"debug","time":"2024-01-04 01:29:20","file":"cron/log.go:16","msg":"{msg 15 0 run <nil>} {data 23 0  [now 2024-01-04T01:29:20+08:00 entry 1 next 2024-01-04T01:29:30+08:00]}","name":"system","level":"debug"}
{"level":"debug","time":"2024-01-04 01:29:30","file":"cron/log.go:16","msg":"{msg 15 0 wake <nil>} {data 23 0  [now 2024-01-04T01:29:30+08:00]}","name":"system","level":"debug"}
{"level":"debug","time":"2024-01-04 01:29:30","file":"cron/log.go:16","msg":"{msg 15 0 run <nil>} {data 23 0  [now 2024-01-04T01:29:30+08:00 entry 1 next 2024-01-04T01:29:40+08:00]}","name":"system","level":"debug"}
{"level":"debug","time":"2024-01-04 01:29:40","file":"cron/log.go:16","msg":"{msg 15 0 wake <nil>} {data 23 0  [now 2024-01-04T01:29:40+08:00]}","name":"system","level":"debug"}
{"level":"debug","time":"2024-01-04 01:29:40","file":"cron/log.go:16","msg":"{msg 15 0 run <nil>} {data 23 0  [now 2024-01-04T01:29:40+08:00 entry 1 next 2024-01-04T01:29:50+08:00]}","name":"system","level":"debug"}
{"level":"debug","time":"2024-01-04 01:29:50","file":"cron/log.go:16","msg":"{msg 15 0 wake <nil>} {data 23 0  [now 2024-01-04T01:29:50+08:00]}","name":"system","level":"debug"}
{"level":"debug","time":"2024-01-04 01:29:50","file":"cron/log.go:16","msg":"{msg 15 0 run <nil>} {data 23 0  [now 2024-01-04T01:29:50+08:00 entry 1 next 2024-01-04T01:30:00+08:00]}","name":"system","level":"debug"}
{"level":"debug","time":"2024-01-04 01:30:00","file":"cron/log.go:16","msg":"{msg 15 0 wake <nil>} {data 23 0  [now 2024-01-04T01:30:00+08:00]}","name":"system","level":"debug"}
{"level":"debug","time":"2024-01-04 01:30:00","file":"cron/log.go:16","msg":"{msg 15 0 run <nil>} {data 23 0  [now 2024-01-04T01:30:00+08:00 entry 1 next 2024-01-04T01:30:10+08:00]}","name":"system","level":"debug"}
{"level":"debug","time":"2024-01-04 01:30:10","file":"cron/log.go:16","msg":"{msg 15 0 wake <nil>} {data 23 0  [now 2024-01-04T01:30:10+08:00]}","name":"system","level":"debug"}
{"level":"debug","time":"2024-01-04 01:30:10","file":"cron/log.go:16","msg":"{msg 15 0 run <nil>} {data 23 0  [now 2024-01-04T01:30:10+08:00 entry 1 next 2024-01-04T01:30:20+08:00]}","name":"system","level":"debug"}
{"level":"debug","time":"2024-01-04 01:30:33","file":"cron/log.go:16","msg":"{msg 15 0 start <nil>} {data 23 0  []}","name":"system","level":"debug"}
{"level":"debug","time":"2024-01-04 01:30:33","file":"cron/log.go:16","msg":"{msg 15 0 schedule <nil>} {data 23 0  [now 2024-01-04T01:30:33+08:00 entry 1 next 2024-01-04T01:30:40+08:00]}","name":"system","level":"debug"}
{"level":"debug","time":"2024-01-04 01:30:40","file":"cron/log.go:16","msg":"{msg 15 0 wake <nil>} {data 23 0  [now 2024-01-04T01:30:40+08:00]}","name":"system","level":"debug"}
{"level":"debug","time":"2024-01-04 01:30:40","file":"cron/log.go:16","msg":"{msg 15 0 run <nil>} {data 23 0  [now 2024-01-04T01:30:40+08:00 entry 1 next 2024-01-04T01:30:50+08:00]}","name":"system","level":"debug"}
{"level":"debug","time":"2024-01-04 01:31:01","file":"cron/log.go:16","msg":"{msg 15 0 wake <nil>} {data 23 0  [now 2024-01-04T01:31:01+08:00]}","name":"system","level":"debug"}
{"level":"debug","time":"2024-01-04 01:31:36","file":"cron/log.go:16","msg":"{msg 15 0 run <nil>} {data 23 0  [now 2024-01-04T01:31:01+08:00 entry 1 next 2024-01-04T01:31:10+08:00]}","name":"system","level":"debug"}
{"level":"debug","time":"2024-01-04 01:34:06","file":"cron/log.go:16","msg":"{msg 15 0 wake <nil>} {data 23 0  [now 2024-01-04T01:34:06+08:00]}","name":"system","level":"debug"}
{"level":"debug","time":"2024-01-04 01:34:06","file":"cron/log.go:16","msg":"{msg 15 0 run <nil>} {data 23 0  [now 2024-01-04T01:34:06+08:00 entry 1 next 2024-01-04T01:34:10+08:00]}","name":"system","level":"debug"}
{"level":"debug","time":"2024-01-04 01:34:25","file":"cron/log.go:16","msg":"{msg 15 0 start <nil>} {data 23 0  []}","name":"system","level":"debug"}
{"level":"debug","time":"2024-01-04 01:34:25","file":"cron/log.go:16","msg":"{msg 15 0 schedule <nil>} {data 23 0  [now 2024-01-04T01:34:25+08:00 entry 1 next 2024-01-04T01:34:30+08:00]}","name":"system","level":"debug"}
{"level":"debug","time":"2024-01-04 01:34:30","file":"cron/log.go:16","msg":"{msg 15 0 wake <nil>} {data 23 0  [now 2024-01-04T01:34:30+08:00]}","name":"system","level":"debug"}
{"level":"debug","time":"2024-01-04 01:34:30","file":"cron/log.go:16","msg":"{msg 15 0 run <nil>} {data 23 0  [now 2024-01-04T01:34:30+08:00 entry 1 next 2024-01-04T01:34:40+08:00]}","name":"system","level":"debug"}
{"level":"debug","time":"2024-01-04 01:34:44","file":"cron/log.go:16","msg":"{msg 15 0 wake <nil>} {data 23 0  [now 2024-01-04T01:34:44+08:00]}","name":"system","level":"debug"}
{"level":"debug","time":"2024-01-04 01:35:03","file":"cron/log.go:16","msg":"{msg 15 0 run <nil>} {data 23 0  [now 2024-01-04T01:34:44+08:00 entry 1 next 2024-01-04T01:34:50+08:00]}","name":"system","level":"debug"}
{"level":"debug","time":"2024-01-04 01:35:24","file":"cron/log.go:16","msg":"{msg 15 0 wake <nil>} {data 23 0  [now 2024-01-04T01:35:24+08:00]}","name":"system","level":"debug"}
{"level":"debug","time":"2024-01-04 01:35:24","file":"cron/log.go:16","msg":"{msg 15 0 run <nil>} {data 23 0  [now 2024-01-04T01:35:24+08:00 entry 1 next 2024-01-04T01:35:30+08:00]}","name":"system","level":"debug"}
{"level":"debug","time":"2024-01-04 01:36:51","file":"cron/log.go:16","msg":"{msg 15 0 start <nil>} {data 23 0  []}","name":"system","level":"debug"}
{"level":"debug","time":"2024-01-04 01:36:51","file":"cron/log.go:16","msg":"{msg 15 0 schedule <nil>} {data 23 0  [now 2024-01-04T01:36:51+08:00 entry 1 next 2024-01-04T01:37:00+08:00]}","name":"system","level":"debug"}
{"level":"debug","time":"2024-01-04 01:37:00","file":"cron/log.go:16","msg":"{msg 15 0 wake <nil>} {data 23 0  [now 2024-01-04T01:37:00+08:00]}","name":"system","level":"debug"}
{"level":"debug","time":"2024-01-04 01:37:01","file":"cron/log.go:16","msg":"{msg 15 0 run <nil>} {data 23 0  [now 2024-01-04T01:37:00+08:00 entry 1 next 2024-01-04T01:37:10+08:00]}","name":"system","level":"debug"}
{"level":"debug","time":"2024-01-04 01:37:46","file":"cron/log.go:16","msg":"{msg 15 0 wake <nil>} {data 23 0  [now 2024-01-04T01:37:46+08:00]}","name":"system","level":"debug"}
{"level":"debug","time":"2024-01-04 01:37:46","file":"cron/log.go:16","msg":"{msg 15 0 run <nil>} {data 23 0  [now 2024-01-04T01:37:46+08:00 entry 1 next 2024-01-04T01:37:50+08:00]}","name":"system","level":"debug"}
{"level":"debug","time":"2024-01-04 01:47:07","file":"cron/log.go:16","msg":"{msg 15 0 start <nil>} {data 23 0  []}","name":"system","level":"debug"}
{"level":"debug","time":"2024-01-04 01:47:07","file":"cron/log.go:16","msg":"{msg 15 0 schedule <nil>} {data 23 0  [now 2024-01-04T01:47:07+08:00 entry 1 next 2024-01-04T01:47:10+08:00]}","name":"system","level":"debug"}
{"level":"debug","time":"2024-01-04 01:47:10","file":"cron/log.go:16","msg":"{msg 15 0 wake <nil>} {data 23 0  [now 2024-01-04T01:47:10+08:00]}","name":"system","level":"debug"}
{"level":"debug","time":"2024-01-04 01:47:10","file":"cron/log.go:16","msg":"{msg 15 0 run <nil>} {data 23 0  [now 2024-01-04T01:47:10+08:00 entry 1 next 2024-01-04T01:47:20+08:00]}","name":"system","level":"debug"}
{"level":"debug","time":"2024-01-04 01:47:25","file":"cron/log.go:16","msg":"{msg 15 0 wake <nil>} {data 23 0  [now 2024-01-04T01:47:25+08:00]}","name":"system","level":"debug"}
{"level":"debug","time":"2024-01-04 01:47:26","file":"cron/log.go:16","msg":"{msg 15 0 run <nil>} {data 23 0  [now 2024-01-04T01:47:25+08:00 entry 1 next 2024-01-04T01:47:30+08:00]}","name":"system","level":"debug"}
{"level":"debug","time":"2024-01-04 01:47:31","file":"cron/log.go:16","msg":"{msg 15 0 wake <nil>} {data 23 0  [now 2024-01-04T01:47:30+08:00]}","name":"system","level":"debug"}
{"level":"debug","time":"2024-01-04 01:47:31","file":"cron/log.go:16","msg":"{msg 15 0 run <nil>} {data 23 0  [now 2024-01-04T01:47:30+08:00 entry 1 next 2024-01-04T01:47:40+08:00]}","name":"system","level":"debug"}
{"level":"debug","time":"2024-01-04 01:48:07","file":"cron/log.go:16","msg":"{msg 15 0 start <nil>} {data 23 0  []}","name":"system","level":"debug"}
{"level":"debug","time":"2024-01-04 01:48:07","file":"cron/log.go:16","msg":"{msg 15 0 schedule <nil>} {data 23 0  [now 2024-01-04T01:48:07+08:00 entry 1 next 2024-01-04T01:48:10+08:00]}","name":"system","level":"debug"}
{"level":"debug","time":"2024-01-04 01:48:10","file":"cron/log.go:16","msg":"{msg 15 0 wake <nil>} {data 23 0  [now 2024-01-04T01:48:10+08:00]}","name":"system","level":"debug"}
{"level":"debug","time":"2024-01-04 01:48:10","file":"cron/log.go:16","msg":"{msg 15 0 run <nil>} {data 23 0  [now 2024-01-04T01:48:10+08:00 entry 1 next 2024-01-04T01:48:20+08:00]}","name":"system","level":"debug"}
{"level":"debug","time":"2024-01-04 01:48:35","file":"cron/log.go:16","msg":"{msg 15 0 start <nil>} {data 23 0  []}","name":"system","level":"debug"}
{"level":"debug","time":"2024-01-04 01:48:35","file":"cron/log.go:16","msg":"{msg 15 0 schedule <nil>} {data 23 0  [now 2024-01-04T01:48:35+08:00 entry 1 next 2024-01-04T01:48:40+08:00]}","name":"system","level":"debug"}
{"level":"debug","time":"2024-01-04 01:48:40","file":"cron/log.go:16","msg":"{msg 15 0 wake <nil>} {data 23 0  [now 2024-01-04T01:48:40+08:00]}","name":"system","level":"debug"}
{"level":"debug","time":"2024-01-04 01:48:41","file":"cron/log.go:16","msg":"{msg 15 0 run <nil>} {data 23 0  [now 2024-01-04T01:48:40+08:00 entry 1 next 2024-01-04T01:48:50+08:00]}","name":"system","level":"debug"}
{"level":"debug","time":"2024-01-04 01:48:51","file":"cron/log.go:16","msg":"{msg 15 0 wake <nil>} {data 23 0  [now 2024-01-04T01:48:51+08:00]}","name":"system","level":"debug"}
{"level":"debug","time":"2024-01-04 01:48:51","file":"cron/log.go:16","msg":"{msg 15 0 run <nil>} {data 23 0  [now 2024-01-04T01:48:51+08:00 entry 1 next 2024-01-04T01:49:00+08:00]}","name":"system","level":"debug"}
